0 verbose cli C:\Program Files\nodejs\node.exe C:\Program Files\nodejs\node_modules\npm\bin\npm-cli.js
1 info using npm@10.9.4
2 info using node@v22.21.0
3 silly config load:file:C:\Program Files\nodejs\node_modules\npm\npmrc
4 silly config load:file:C:\Users\MZC\Desktop\airline-frontend\.npmrc
5 silly config load:file:C:\Users\MZC\.npmrc
6 silly config load:file:C:\Users\MZC\AppData\Roaming\npm\etc\npmrc
7 verbose title npm i
8 verbose argv "i" "--cache" "C:\\Users\\MZC\\Desktop\\airline-frontend\\.npm-cache"
9 verbose logfile logs-max:10 dir:C:\Users\MZC\Desktop\airline-frontend\.npm-cache\_logs\2026-03-19T02_54_00_994Z-
10 verbose logfile C:\Users\MZC\Desktop\airline-frontend\.npm-cache\_logs\2026-03-19T02_54_00_994Z-debug-0.log
11 silly logfile done cleaning log files
12 silly packumentCache heap:4345298944 maxSize:1086324736 maxEntrySize:543162368
13 silly idealTree buildDeps
14 verbose shrinkwrap failed to load node_modules/.package-lock.json out of date, updated: node_modules
15 silly reify mark retired [
15 silly reify   'C:\\Users\\MZC\\Desktop\\airline-frontend\\node_modules\\baseline-browser-mapping',
15 silly reify   'C:\\Users\\MZC\\Desktop\\airline-frontend\\node_modules\\.bin\\baseline-browser-mapping',
15 silly reify   'C:\\Users\\MZC\\Desktop\\airline-frontend\\node_modules\\.bin\\baseline-browser-mapping.cmd',
15 silly reify   'C:\\Users\\MZC\\Desktop\\airline-frontend\\node_modules\\.bin\\baseline-browser-mapping.ps1'
15 silly reify ]
16 silly reify mark retired [
16 silly reify   'C:\\Users\\MZC\\Desktop\\airline-frontend\\node_modules\\browserslist',
16 silly reify   'C:\\Users\\MZC\\Desktop\\airline-frontend\\node_modules\\.bin\\browserslist',
16 silly reify   'C:\\Users\\MZC\\Desktop\\airline-frontend\\node_modules\\.bin\\browserslist.cmd',
16 silly reify   'C:\\Users\\MZC\\Desktop\\airline-frontend\\node_modules\\.bin\\browserslist.ps1'
16 silly reify ]
17 silly reify mark retired [
17 silly reify   'C:\\Users\\MZC\\Desktop\\airline-frontend\\node_modules\\esbuild',
17 silly reify   'C:\\Users\\MZC\\Desktop\\airline-frontend\\node_modules\\.bin\\esbuild',
17 silly reify   'C:\\Users\\MZC\\Desktop\\airline-frontend\\node_modules\\.bin\\esbuild.cmd',
17 silly reify   'C:\\Users\\MZC\\Desktop\\airline-frontend\\node_modules\\.bin\\esbuild.ps1'
17 silly reify ]
18 silly reify mark retired [
18 silly reify   'C:\\Users\\MZC\\Desktop\\airline-frontend\\node_modules\\jsesc',
18 silly reify   'C:\\Users\\MZC\\Desktop\\airline-frontend\\node_modules\\.bin\\jsesc',
18 silly reify   'C:\\Users\\MZC\\Desktop\\airline-frontend\\node_modules\\.bin\\jsesc.cmd',
18 silly reify   'C:\\Users\\MZC\\Desktop\\airline-frontend\\node_modules\\.bin\\jsesc.ps1'
18 silly reify ]
19 silly reify mark retired [
19 silly reify   'C:\\Users\\MZC\\Desktop\\airline-frontend\\node_modules\\json5',
19 silly reify   'C:\\Users\\MZC\\Desktop\\airline-frontend\\node_modules\\.bin\\json5',
19 silly reify   'C:\\Users\\MZC\\Desktop\\airline-frontend\\node_modules\\.bin\\json5.cmd',
19 silly reify   'C:\\Users\\MZC\\Desktop\\airline-frontend\\node_modules\\.bin\\json5.ps1'
19 silly reify ]
20 silly reify mark retired [
20 silly reify   'C:\\Users\\MZC\\Desktop\\airline-frontend\\node_modules\\nanoid',
20 silly reify   'C:\\Users\\MZC\\Desktop\\airline-frontend\\node_modules\\.bin\\nanoid',
20 silly reify   'C:\\Users\\MZC\\Desktop\\airline-frontend\\node_modules\\.bin\\nanoid.cmd',
20 silly reify   'C:\\Users\\MZC\\Desktop\\airline-frontend\\node_modules\\.bin\\nanoid.ps1'
20 silly reify ]
21 silly reify mark retired [
21 silly reify   'C:\\Users\\MZC\\Desktop\\airline-frontend\\node_modules\\rollup',
21 silly reify   'C:\\Users\\MZC\\Desktop\\airline-frontend\\node_modules\\.bin\\rollup',
21 silly reify   'C:\\Users\\MZC\\Desktop\\airline-frontend\\node_modules\\.bin\\rollup.cmd',
21 silly reify   'C:\\Users\\MZC\\Desktop\\airline-frontend\\node_modules\\.bin\\rollup.ps1'
21 silly reify ]
22 silly reify mark retired [
22 silly reify   'C:\\Users\\MZC\\Desktop\\airline-frontend\\node_modules\\semver',
22 silly reify   'C:\\Users\\MZC\\Desktop\\airline-frontend\\node_modules\\.bin\\semver',
22 silly reify   'C:\\Users\\MZC\\Desktop\\airline-frontend\\node_modules\\.bin\\semver.cmd',
22 silly reify   'C:\\Users\\MZC\\Desktop\\airline-frontend\\node_modules\\.bin\\semver.ps1'
22 silly reify ]
23 silly reify mark retired [
23 silly reify   'C:\\Users\\MZC\\Desktop\\airline-frontend\\node_modules\\vite',
23 silly reify   'C:\\Users\\MZC\\Desktop\\airline-frontend\\node_modules\\.bin\\vite',
23 silly reify   'C:\\Users\\MZC\\Desktop\\airline-frontend\\node_modules\\.bin\\vite.cmd',
23 silly reify   'C:\\Users\\MZC\\Desktop\\airline-frontend\\node_modules\\.bin\\vite.ps1'
23 silly reify ]
24 silly reify mark retired [
24 silly reify   'C:\\Users\\MZC\\Desktop\\airline-frontend\\node_modules\\update-browserslist-db',
24 silly reify   'C:\\Users\\MZC\\Desktop\\airline-frontend\\node_modules\\.bin\\update-browserslist-db',
24 silly reify   'C:\\Users\\MZC\\Desktop\\airline-frontend\\node_modules\\.bin\\update-browserslist-db.cmd',
24 silly reify   'C:\\Users\\MZC\\Desktop\\airline-frontend\\node_modules\\.bin\\update-browserslist-db.ps1'
24 silly reify ]
25 silly reify mark retired [
25 silly reify   'C:\\Users\\MZC\\Desktop\\airline-frontend\\node_modules\\@babel\\parser',
25 silly reify   'C:\\Users\\MZC\\Desktop\\airline-frontend\\node_modules\\.bin\\parser',
25 silly reify   'C:\\Users\\MZC\\Desktop\\airline-frontend\\node_modules\\.bin\\parser.cmd',
25 silly reify   'C:\\Users\\MZC\\Desktop\\airline-frontend\\node_modules\\.bin\\parser.ps1'
25 silly reify ]
26 silly reify moves {
26 silly reify   'C:\\Users\\MZC\\Desktop\\airline-frontend\\node_modules\\baseline-browser-mapping': 'C:\\Users\\MZC\\Desktop\\airline-frontend\\node_modules\\.baseline-browser-mapping-XFHIZaqU',
26 silly reify   'C:\\Users\\MZC\\Desktop\\airline-frontend\\node_modules\\.bin\\baseline-browser-mapping': 'C:\\Users\\MZC\\Desktop\\airline-frontend\\node_modules\\.bin\\.baseline-browser-mapping-hx6UnPCN',
26 silly reify   'C:\\Users\\MZC\\Desktop\\airline-frontend\\node_modules\\.bin\\baseline-browser-mapping.cmd': 'C:\\Users\\MZC\\Desktop\\airline-frontend\\node_modules\\.bin\\.baseline-browser-mapping.cmd-pHVlc9ho',
26 silly reify   'C:\\Users\\MZC\\Desktop\\airline-frontend\\node_modules\\.bin\\baseline-browser-mapping.ps1': 'C:\\Users\\MZC\\Desktop\\airline-frontend\\node_modules\\.bin\\.baseline-browser-mapping.ps1-kGOtx6Iz',
26 silly reify   'C:\\Users\\MZC\\Desktop\\airline-frontend\\node_modules\\browserslist': 'C:\\Users\\MZC\\Desktop\\airline-frontend\\node_modules\\.browserslist-9S4zvmfu',
26 silly reify   'C:\\Users\\MZC\\Desktop\\airline-frontend\\node_modules\\.bin\\browserslist': 'C:\\Users\\MZC\\Desktop\\airline-frontend\\node_modules\\.bin\\.browserslist-PB7Fe2P1',
26 silly reify   'C:\\Users\\MZC\\Desktop\\airline-frontend\\node_modules\\.bin\\browserslist.cmd': 'C:\\Users\\MZC\\Desktop\\airline-frontend\\node_modules\\.bin\\.browserslist.cmd-tSi5ggqp',
26 silly reify   'C:\\Users\\MZC\\Desktop\\airline-frontend\\node_modules\\.bin\\browserslist.ps1': 'C:\\Users\\MZC\\Desktop\\airline-frontend\\node_modules\\.bin\\.browserslist.ps1-8d2JnP8u',
26 silly reify   'C:\\Users\\MZC\\Desktop\\airline-frontend\\node_modules\\esbuild': 'C:\\Users\\MZC\\Desktop\\airline-frontend\\node_modules\\.esbuild-nXREfVL0',
26 silly reify   'C:\\Users\\MZC\\Desktop\\airline-frontend\\node_modules\\.bin\\esbuild': 'C:\\Users\\MZC\\Desktop\\airline-frontend\\node_modules\\.bin\\.esbuild-UM4R7tWY',
26 silly reify   'C:\\Users\\MZC\\Desktop\\airline-frontend\\node_modules\\.bin\\esbuild.cmd': 'C:\\Users\\MZC\\Desktop\\airline-frontend\\node_modules\\.bin\\.esbuild.cmd-OWyS9bwf',
26 silly reify   'C:\\Users\\MZC\\Desktop\\airline-frontend\\node_modules\\.bin\\esbuild.ps1': 'C:\\Users\\MZC\\Desktop\\airline-frontend\\node_modules\\.bin\\.esbuild.ps1-877ievsm',
26 silly reify   'C:\\Users\\MZC\\Desktop\\airline-frontend\\node_modules\\jsesc': 'C:\\Users\\MZC\\Desktop\\airline-frontend\\node_modules\\.jsesc-TWsdrIcc',
26 silly reify   'C:\\Users\\MZC\\Desktop\\airline-frontend\\node_modules\\.bin\\jsesc': 'C:\\Users\\MZC\\Desktop\\airline-frontend\\node_modules\\.bin\\.jsesc-ksz417BB',
26 silly reify   'C:\\Users\\MZC\\Desktop\\airline-frontend\\node_modules\\.bin\\jsesc.cmd': 'C:\\Users\\MZC\\Desktop\\airline-frontend\\node_modules\\.bin\\.jsesc.cmd-OMnAlyma',
26 silly reify   'C:\\Users\\MZC\\Desktop\\airline-frontend\\node_modules\\.bin\\jsesc.ps1': 'C:\\Users\\MZC\\Desktop\\airline-frontend\\node_modules\\.bin\\.jsesc.ps1-2vH8R8TC',
26 silly reify   'C:\\Users\\MZC\\Desktop\\airline-frontend\\node_modules\\json5': 'C:\\Users\\MZC\\Desktop\\airline-frontend\\node_modules\\.json5-BhETFBTC',
26 silly reify   'C:\\Users\\MZC\\Desktop\\airline-frontend\\node_modules\\.bin\\json5': 'C:\\Users\\MZC\\Desktop\\airline-frontend\\node_modules\\.bin\\.json5-qe5G5cT6',
26 silly reify   'C:\\Users\\MZC\\Desktop\\airline-frontend\\node_modules\\.bin\\json5.cmd': 'C:\\Users\\MZC\\Desktop\\airline-frontend\\node_modules\\.bin\\.json5.cmd-6SP5M0g8',
26 silly reify   'C:\\Users\\MZC\\Desktop\\airline-frontend\\node_modules\\.bin\\json5.ps1': 'C:\\Users\\MZC\\Desktop\\airline-frontend\\node_modules\\.bin\\.json5.ps1-6BBMn9kw',
26 silly reify   'C:\\Users\\MZC\\Desktop\\airline-frontend\\node_modules\\nanoid': 'C:\\Users\\MZC\\Desktop\\airline-frontend\\node_modules\\.nanoid-LIniQieO',
26 silly reify   'C:\\Users\\MZC\\Desktop\\airline-frontend\\node_modules\\.bin\\nanoid': 'C:\\Users\\MZC\\Desktop\\airline-frontend\\node_modules\\.bin\\.nanoid-bVCS3Bad',
26 silly reify   'C:\\Users\\MZC\\Desktop\\airline-frontend\\node_modules\\.bin\\nanoid.cmd': 'C:\\Users\\MZC\\Desktop\\airline-frontend\\node_modules\\.bin\\.nanoid.cmd-6hQPcXEf',
26 silly reify   'C:\\Users\\MZC\\Desktop\\airline-frontend\\node_modules\\.bin\\nanoid.ps1': 'C:\\Users\\MZC\\Desktop\\airline-frontend\\node_modules\\.bin\\.nanoid.ps1-q5eONyoR',
26 silly reify   'C:\\Users\\MZC\\Desktop\\airline-frontend\\node_modules\\rollup': 'C:\\Users\\MZC\\Desktop\\airline-frontend\\node_modules\\.rollup-2S4eAIxF',
26 silly reify   'C:\\Users\\MZC\\Desktop\\airline-frontend\\node_modules\\.bin\\rollup': 'C:\\Users\\MZC\\Desktop\\airline-frontend\\node_modules\\.bin\\.rollup-8B4UAX5G',
26 silly reify   'C:\\Users\\MZC\\Desktop\\airline-frontend\\node_modules\\.bin\\rollup.cmd': 'C:\\Users\\MZC\\Desktop\\airline-frontend\\node_modules\\.bin\\.rollup.cmd-kO4N1Ck4',
26 silly reify   'C:\\Users\\MZC\\Desktop\\airline-frontend\\node_modules\\.bin\\rollup.ps1': 'C:\\Users\\MZC\\Desktop\\airline-frontend\\node_modules\\.bin\\.rollup.ps1-G7F1wl1C',
26 silly reify   'C:\\Users\\MZC\\Desktop\\airline-frontend\\node_modules\\semver': 'C:\\Users\\MZC\\Desktop\\airline-frontend\\node_modules\\.semver-ydGiNwft',
26 silly reify   'C:\\Users\\MZC\\Desktop\\airline-frontend\\node_modules\\.bin\\semver': 'C:\\Users\\MZC\\Desktop\\airline-frontend\\node_modules\\.bin\\.semver-1RgfuJx8',
26 silly reify   'C:\\Users\\MZC\\Desktop\\airline-frontend\\node_modules\\.bin\\semver.cmd': 'C:\\Users\\MZC\\Desktop\\airline-frontend\\node_modules\\.bin\\.semver.cmd-n7ZRgXMV',
26 silly reify   'C:\\Users\\MZC\\Desktop\\airline-frontend\\node_modules\\.bin\\semver.ps1': 'C:\\Users\\MZC\\Desktop\\airline-frontend\\node_modules\\.bin\\.semver.ps1-MiEWNU5Z',
26 silly reify   'C:\\Users\\MZC\\Desktop\\airline-frontend\\node_modules\\vite': 'C:\\Users\\MZC\\Desktop\\airline-frontend\\node_modules\\.vite-N7We71ls',
26 silly reify   'C:\\Users\\MZC\\Desktop\\airline-frontend\\node_modules\\.bin\\vite': 'C:\\Users\\MZC\\Desktop\\airline-frontend\\node_modules\\.bin\\.vite-Z5fZZ3ot',
26 silly reify   'C:\\Users\\MZC\\Desktop\\airline-frontend\\node_modules\\.bin\\vite.cmd': 'C:\\Users\\MZC\\Desktop\\airline-frontend\\node_modules\\.bin\\.vite.cmd-1lrP7Xpx',
26 silly reify   'C:\\Users\\MZC\\Desktop\\airline-frontend\\node_modules\\.bin\\vite.ps1': 'C:\\Users\\MZC\\Desktop\\airline-frontend\\node_modules\\.bin\\.vite.ps1-0gUkZvnd',
26 silly reify   'C:\\Users\\MZC\\Desktop\\airline-frontend\\node_modules\\update-browserslist-db': 'C:\\Users\\MZC\\Desktop\\airline-frontend\\node_modules\\.update-browserslist-db-up7CKOjD',
26 silly reify   'C:\\Users\\MZC\\Desktop\\airline-frontend\\node_modules\\.bin\\update-browserslist-db': 'C:\\Users\\MZC\\Desktop\\airline-frontend\\node_modules\\.bin\\.update-browserslist-db-TmW6jx9E',
26 silly reify   'C:\\Users\\MZC\\Desktop\\airline-frontend\\node_modules\\.bin\\update-browserslist-db.cmd': 'C:\\Users\\MZC\\Desktop\\airline-frontend\\node_modules\\.bin\\.update-browserslist-db.cmd-HQgjQF8J',
26 silly reify   'C:\\Users\\MZC\\Desktop\\airline-frontend\\node_modules\\.bin\\update-browserslist-db.ps1': 'C:\\Users\\MZC\\Desktop\\airline-frontend\\node_modules\\.bin\\.update-browserslist-db.ps1-ziSRCffc',
26 silly reify   'C:\\Users\\MZC\\Desktop\\airline-frontend\\node_modules\\@babel\\parser': 'C:\\Users\\MZC\\Desktop\\airline-frontend\\node_modules\\@babel\\.parser-uQ7qkPhh',
26 silly reify   'C:\\Users\\MZC\\Desktop\\airline-frontend\\node_modules\\.bin\\parser': 'C:\\Users\\MZC\\Desktop\\airline-frontend\\node_modules\\.bin\\.parser-VLxM3XdL',
26 silly reify   'C:\\Users\\MZC\\Desktop\\airline-frontend\\node_modules\\.bin\\parser.cmd': 'C:\\Users\\MZC\\Desktop\\airline-frontend\\node_modules\\.bin\\.parser.cmd-KAkd5CUo',
26 silly reify   'C:\\Users\\MZC\\Desktop\\airline-frontend\\node_modules\\.bin\\parser.ps1': 'C:\\Users\\MZC\\Desktop\\airline-frontend\\node_modules\\.bin\\.parser.ps1-RBT4by8r'
26 silly reify }
27 silly audit bulk request {
27 silly audit   '@babel/code-frame': [ '7.29.0' ],
27 silly audit   '@babel/compat-data': [ '7.29.0' ],
27 silly audit   '@babel/core': [ '7.29.0' ],
27 silly audit   '@babel/generator': [ '7.29.1' ],
27 silly audit   '@babel/helper-compilation-targets': [ '7.28.6' ],
27 silly audit   '@babel/helper-globals': [ '7.28.0' ],
27 silly audit   '@babel/helper-module-imports': [ '7.28.6' ],
27 silly audit   '@babel/helper-module-transforms': [ '7.28.6' ],
27 silly audit   '@babel/helper-plugin-utils': [ '7.28.6' ],
27 silly audit   '@babel/helper-string-parser': [ '7.27.1' ],
27 silly audit   '@babel/helper-validator-identifier': [ '7.28.5' ],
27 silly audit   '@babel/helper-validator-option': [ '7.27.1' ],
27 silly audit   '@babel/helpers': [ '7.28.6' ],
27 silly audit   '@babel/parser': [ '7.29.0' ],
27 silly audit   '@babel/plugin-transform-react-jsx-self': [ '7.27.1' ],
27 silly audit   '@babel/plugin-transform-react-jsx-source': [ '7.27.1' ],
27 silly audit   '@babel/template': [ '7.28.6' ],
27 silly audit   '@babel/traverse': [ '7.29.0' ],
27 silly audit   '@babel/types': [ '7.29.0' ],
27 silly audit   '@esbuild/aix-ppc64': [ '0.27.3' ],
27 silly audit   '@esbuild/android-arm': [ '0.27.3' ],
27 silly audit   '@esbuild/android-arm64': [ '0.27.3' ],
27 silly audit   '@esbuild/android-x64': [ '0.27.3' ],
27 silly audit   '@esbuild/darwin-arm64': [ '0.27.3' ],
27 silly audit   '@esbuild/darwin-x64': [ '0.27.3' ],
27 silly audit   '@esbuild/freebsd-arm64': [ '0.27.3' ],
27 silly audit   '@esbuild/freebsd-x64': [ '0.27.3' ],
27 silly audit   '@esbuild/linux-arm': [ '0.27.3' ],
27 silly audit   '@esbuild/linux-arm64': [ '0.27.3' ],
27 silly audit   '@esbuild/linux-ia32': [ '0.27.3' ],
27 silly audit   '@esbuild/linux-loong64': [ '0.27.3' ],
27 silly audit   '@esbuild/linux-mips64el': [ '0.27.3' ],
27 silly audit   '@esbuild/linux-ppc64': [ '0.27.3' ],
27 silly audit   '@esbuild/linux-riscv64': [ '0.27.3' ],
27 silly audit   '@esbuild/linux-s390x': [ '0.27.3' ],
27 silly audit   '@esbuild/linux-x64': [ '0.27.3' ],
27 silly audit   '@esbuild/netbsd-arm64': [ '0.27.3' ],
27 silly audit   '@esbuild/netbsd-x64': [ '0.27.3' ],
27 silly audit   '@esbuild/openbsd-arm64': [ '0.27.3' ],
27 silly audit   '@esbuild/openbsd-x64': [ '0.27.3' ],
27 silly audit   '@esbuild/openharmony-arm64': [ '0.27.3' ],
27 silly audit   '@esbuild/sunos-x64': [ '0.27.3' ],
27 silly audit   '@esbuild/win32-arm64': [ '0.27.3' ],
27 silly audit   '@esbuild/win32-ia32': [ '0.27.3' ],
27 silly audit   '@esbuild/win32-x64': [ '0.27.3' ],
27 silly audit   '@jridgewell/gen-mapping': [ '0.3.13' ],
27 silly audit   '@jridgewell/remapping': [ '2.3.5' ],
27 silly audit   '@jridgewell/resolve-uri': [ '3.1.2' ],
27 silly audit   '@jridgewell/sourcemap-codec': [ '1.5.5' ],
27 silly audit   '@jridgewell/trace-mapping': [ '0.3.31' ],
27 silly audit   '@rolldown/pluginutils': [ '1.0.0-rc.3' ],
27 silly audit   '@rollup/rollup-android-arm-eabi': [ '4.59.0' ],
27 silly audit   '@rollup/rollup-android-arm64': [ '4.59.0' ],
27 silly audit   '@rollup/rollup-darwin-arm64': [ '4.59.0' ],
27 silly audit   '@rollup/rollup-darwin-x64': [ '4.59.0' ],
27 silly audit   '@rollup/rollup-freebsd-arm64': [ '4.59.0' ],
27 silly audit   '@rollup/rollup-freebsd-x64': [ '4.59.0' ],
27 silly audit   '@rollup/rollup-linux-arm-gnueabihf': [ '4.59.0' ],
27 silly audit   '@rollup/rollup-linux-arm-musleabihf': [ '4.59.0' ],
27 silly audit   '@rollup/rollup-linux-arm64-gnu': [ '4.59.0' ],
27 silly audit   '@rollup/rollup-linux-arm64-musl': [ '4.59.0' ],
27 silly audit   '@rollup/rollup-linux-loong64-gnu': [ '4.59.0' ],
27 silly audit   '@rollup/rollup-linux-loong64-musl': [ '4.59.0' ],
27 silly audit   '@rollup/rollup-linux-ppc64-gnu': [ '4.59.0' ],
27 silly audit   '@rollup/rollup-linux-ppc64-musl': [ '4.59.0' ],
27 silly audit   '@rollup/rollup-linux-riscv64-gnu': [ '4.59.0' ],
27 silly audit   '@rollup/rollup-linux-riscv64-musl': [ '4.59.0' ],
27 silly audit   '@rollup/rollup-linux-s390x-gnu': [ '4.59.0' ],
27 silly audit   '@rollup/rollup-linux-x64-gnu': [ '4.59.0' ],
27 silly audit   '@rollup/rollup-linux-x64-musl': [ '4.59.0' ],
27 silly audit   '@rollup/rollup-openbsd-x64': [ '4.59.0' ],
27 silly audit   '@rollup/rollup-openharmony-arm64': [ '4.59.0' ],
27 silly audit   '@rollup/rollup-win32-arm64-msvc': [ '4.59.0' ],
27 silly audit   '@rollup/rollup-win32-ia32-msvc': [ '4.59.0' ],
27 silly audit   '@rollup/rollup-win32-x64-gnu': [ '4.59.0' ],
27 silly audit   '@rollup/rollup-win32-x64-msvc': [ '4.59.0' ],
27 silly audit   '@types/babel__core': [ '7.20.5' ],
27 silly audit   '@types/babel__generator': [ '7.27.0' ],
27 silly audit   '@types/babel__template': [ '7.4.4' ],
27 silly audit   '@types/babel__traverse': [ '7.28.0' ],
27 silly audit   '@types/estree': [ '1.0.8' ],
27 silly audit   '@vitejs/plugin-react': [ '5.1.4' ],
27 silly audit   asynckit: [ '0.4.0' ],
27 silly audit   axios: [ '1.13.6' ],
27 silly audit   'baseline-browser-mapping': [ '2.10.0' ],
27 silly audit   browserslist: [ '4.28.1' ],
27 silly audit   'call-bind-apply-helpers': [ '1.0.2' ],
27 silly audit   'caniuse-lite': [ '1.0.30001777' ],
27 silly audit   'combined-stream': [ '1.0.8' ],
27 silly audit   'convert-source-map': [ '2.0.0' ],
27 silly audit   cookie: [ '1.1.1' ],
27 silly audit   debug: [ '4.4.3' ],
27 silly audit   'delayed-stream': [ '1.0.0' ],
27 silly audit   'dunder-proto': [ '1.0.1' ],
27 silly audit   'electron-to-chromium': [ '1.5.307' ],
27 silly audit   'es-define-property': [ '1.0.1' ],
27 silly audit   'es-errors': [ '1.3.0' ],
27 silly audit   'es-object-atoms': [ '1.1.1' ],
27 silly audit   'es-set-tostringtag': [ '2.1.0' ],
27 silly audit   esbuild: [ '0.27.3' ],
27 silly audit   escalade: [ '3.2.0' ],
27 silly audit   fdir: [ '6.5.0' ],
27 silly audit   'follow-redirects': [ '1.15.11' ],
27 silly audit   'form-data': [ '4.0.5' ],
27 silly audit   fsevents: [ '2.3.3' ],
27 silly audit   'function-bind': [ '1.1.2' ],
27 silly audit   gensync: [ '1.0.0-beta.2' ],
27 silly audit   'get-intrinsic': [ '1.3.0' ],
27 silly audit   'get-proto': [ '1.0.1' ],
27 silly audit   gopd: [ '1.2.0' ],
27 silly audit   'has-symbols': [ '1.1.0' ],
27 silly audit   'has-tostringtag': [ '1.0.2' ],
27 silly audit   hasown: [ '2.0.2' ],
27 silly audit   'js-tokens': [ '4.0.0' ],
27 silly audit   jsesc: [ '3.1.0' ],
27 silly audit   json5: [ '2.2.3' ],
27 silly audit   'lru-cache': [ '5.1.1' ],
27 silly audit   'math-intrinsics': [ '1.1.0' ],
27 silly audit   'mime-db': [ '1.52.0' ],
27 silly audit   'mime-types': [ '2.1.35' ],
27 silly audit   ms: [ '2.1.3' ],
27 silly audit   nanoid: [ '3.3.11' ],
27 silly audit   'node-releases': [ '2.0.36' ],
27 silly audit   picocolors: [ '1.1.1' ],
27 silly audit   picomatch: [ '4.0.3' ],
27 silly audit   postcss: [ '8.5.8' ],
27 silly audit   'proxy-from-env': [ '1.1.0' ],
27 silly audit   react: [ '19.2.4' ],
27 silly audit   'react-dom': [ '19.2.4' ],
27 silly audit   'react-refresh': [ '0.18.0' ],
27 silly audit   'react-router': [ '7.13.1' ],
27 silly audit   'react-router-dom': [ '7.13.1' ],
27 silly audit   rollup: [ '4.59.0' ],
27 silly audit   scheduler: [ '0.27.0' ],
27 silly audit   semver: [ '6.3.1' ],
27 silly audit   'set-cookie-parser': [ '2.7.2' ],
27 silly audit   'source-map-js': [ '1.2.1' ],
27 silly audit   tinyglobby: [ '0.2.15' ],
27 silly audit   'update-browserslist-db': [ '1.2.3' ],
27 silly audit   vite: [ '7.3.1' ],
27 silly audit   yallist: [ '3.1.1' ]
27 silly audit }
28 verbose reify failed optional dependency C:\Users\MZC\Desktop\airline-frontend\node_modules\fsevents
29 silly reify mark deleted [ 'C:\\Users\\MZC\\Desktop\\airline-frontend\\node_modules\\fsevents' ]
30 verbose reify failed optional dependency C:\Users\MZC\Desktop\airline-frontend\node_modules\@rollup\rollup-win32-ia32-msvc
31 silly reify mark deleted [
31 silly reify   'C:\\Users\\MZC\\Desktop\\airline-frontend\\node_modules\\@rollup\\rollup-win32-ia32-msvc'
31 silly reify ]
32 verbose reify failed optional dependency C:\Users\MZC\Desktop\airline-frontend\node_modules\@rollup\rollup-win32-arm64-msvc
33 silly reify mark deleted [
33 silly reify   'C:\\Users\\MZC\\Desktop\\airline-frontend\\node_modules\\@rollup\\rollup-win32-arm64-msvc'
33 silly reify ]
34 verbose reify failed optional dependency C:\Users\MZC\Desktop\airline-frontend\node_modules\@rollup\rollup-openharmony-arm64
35 silly reify mark deleted [
35 silly reify   'C:\\Users\\MZC\\Desktop\\airline-frontend\\node_modules\\@rollup\\rollup-openharmony-arm64'
35 silly reify ]
36 verbose reify failed optional dependency C:\Users\MZC\Desktop\airline-frontend\node_modules\@rollup\rollup-openbsd-x64
37 silly reify mark deleted [
37 silly reify   'C:\\Users\\MZC\\Desktop\\airline-frontend\\node_modules\\@rollup\\rollup-openbsd-x64'
37 silly reify ]
38 verbose reify failed optional dependency C:\Users\MZC\Desktop\airline-frontend\node_modules\@rollup\rollup-linux-x64-musl
39 silly reify mark deleted [
39 silly reify   'C:\\Users\\MZC\\Desktop\\airline-frontend\\node_modules\\@rollup\\rollup-linux-x64-musl'
39 silly reify ]
40 verbose reify failed optional dependency C:\Users\MZC\Desktop\airline-frontend\node_modules\@rollup\rollup-linux-x64-gnu
41 silly reify mark deleted [
41 silly reify   'C:\\Users\\MZC\\Desktop\\airline-frontend\\node_modules\\@rollup\\rollup-linux-x64-gnu'
41 silly reify ]
42 verbose reify failed optional dependency C:\Users\MZC\Desktop\airline-frontend\node_modules\@rollup\rollup-linux-s390x-gnu
43 silly reify mark deleted [
43 silly reify   'C:\\Users\\MZC\\Desktop\\airline-frontend\\node_modules\\@rollup\\rollup-linux-s390x-gnu'
43 silly reify ]
44 verbose reify failed optional dependency C:\Users\MZC\Desktop\airline-frontend\node_modules\@rollup\rollup-linux-riscv64-musl
45 silly reify mark deleted [
45 silly reify   'C:\\Users\\MZC\\Desktop\\airline-frontend\\node_modules\\@rollup\\rollup-linux-riscv64-musl'
45 silly reify ]
46 verbose reify failed optional dependency C:\Users\MZC\Desktop\airline-frontend\node_modules\@rollup\rollup-linux-riscv64-gnu
47 silly reify mark deleted [
47 silly reify   'C:\\Users\\MZC\\Desktop\\airline-frontend\\node_modules\\@rollup\\rollup-linux-riscv64-gnu'
47 silly reify ]
48 verbose reify failed optional dependency C:\Users\MZC\Desktop\airline-frontend\node_modules\@rollup\rollup-linux-ppc64-musl
49 silly reify mark deleted [
49 silly reify   'C:\\Users\\MZC\\Desktop\\airline-frontend\\node_modules\\@rollup\\rollup-linux-ppc64-musl'
49 silly reify ]
50 verbose reify failed optional dependency C:\Users\MZC\Desktop\airline-frontend\node_modules\@rollup\rollup-linux-ppc64-gnu
51 silly reify mark deleted [
51 silly reify   'C:\\Users\\MZC\\Desktop\\airline-frontend\\node_modules\\@rollup\\rollup-linux-ppc64-gnu'
51 silly reify ]
52 verbose reify failed optional dependency C:\Users\MZC\Desktop\airline-frontend\node_modules\@rollup\rollup-linux-loong64-musl
53 silly reify mark deleted [
53 silly reify   'C:\\Users\\MZC\\Desktop\\airline-frontend\\node_modules\\@rollup\\rollup-linux-loong64-musl'
53 silly reify ]
54 verbose reify failed optional dependency C:\Users\MZC\Desktop\airline-frontend\node_modules\@rollup\rollup-linux-loong64-gnu
55 silly reify mark deleted [
55 silly reify   'C:\\Users\\MZC\\Desktop\\airline-frontend\\node_modules\\@rollup\\rollup-linux-loong64-gnu'
55 silly reify ]
56 verbose reify failed optional dependency C:\Users\MZC\Desktop\airline-frontend\node_modules\@rollup\rollup-linux-arm64-musl
57 silly reify mark deleted [
57 silly reify   'C:\\Users\\MZC\\Desktop\\airline-frontend\\node_modules\\@rollup\\rollup-linux-arm64-musl'
57 silly reify ]
58 verbose reify failed optional dependency C:\Users\MZC\Desktop\airline-frontend\node_modules\@rollup\rollup-linux-arm64-gnu
59 silly reify mark deleted [
59 silly reify   'C:\\Users\\MZC\\Desktop\\airline-frontend\\node_modules\\@rollup\\rollup-linux-arm64-gnu'
59 silly reify ]
60 verbose reify failed optional dependency C:\Users\MZC\Desktop\airline-frontend\node_modules\@rollup\rollup-linux-arm-musleabihf
61 silly reify mark deleted [
61 silly reify   'C:\\Users\\MZC\\Desktop\\airline-frontend\\node_modules\\@rollup\\rollup-linux-arm-musleabihf'
61 silly reify ]
62 verbose reify failed optional dependency C:\Users\MZC\Desktop\airline-frontend\node_modules\@rollup\rollup-linux-arm-gnueabihf
63 silly reify mark deleted [
63 silly reify   'C:\\Users\\MZC\\Desktop\\airline-frontend\\node_modules\\@rollup\\rollup-linux-arm-gnueabihf'
63 silly reify ]
64 verbose reify failed optional dependency C:\Users\MZC\Desktop\airline-frontend\node_modules\@rollup\rollup-freebsd-x64
65 silly reify mark deleted [
65 silly reify   'C:\\Users\\MZC\\Desktop\\airline-frontend\\node_modules\\@rollup\\rollup-freebsd-x64'
65 silly reify ]
66 verbose reify failed optional dependency C:\Users\MZC\Desktop\airline-frontend\node_modules\@rollup\rollup-freebsd-arm64
67 silly reify mark deleted [
67 silly reify   'C:\\Users\\MZC\\Desktop\\airline-frontend\\node_modules\\@rollup\\rollup-freebsd-arm64'
67 silly reify ]
68 verbose reify failed optional dependency C:\Users\MZC\Desktop\airline-frontend\node_modules\@rollup\rollup-darwin-arm64
69 silly reify mark deleted [
69 silly reify   'C:\\Users\\MZC\\Desktop\\airline-frontend\\node_modules\\@rollup\\rollup-darwin-arm64'
69 silly reify ]
70 verbose reify failed optional dependency C:\Users\MZC\Desktop\airline-frontend\node_modules\@rollup\rollup-android-arm64
71 silly reify mark deleted [
71 silly reify   'C:\\Users\\MZC\\Desktop\\airline-frontend\\node_modules\\@rollup\\rollup-android-arm64'
71 silly reify ]
72 verbose reify failed optional dependency C:\Users\MZC\Desktop\airline-frontend\node_modules\@rollup\rollup-android-arm-eabi
73 silly reify mark deleted [
73 silly reify   'C:\\Users\\MZC\\Desktop\\airline-frontend\\node_modules\\@rollup\\rollup-android-arm-eabi'
73 silly reify ]
74 verbose reify failed optional dependency C:\Users\MZC\Desktop\airline-frontend\node_modules\@esbuild\win32-ia32
75 silly reify mark deleted [
75 silly reify   'C:\\Users\\MZC\\Desktop\\airline-frontend\\node_modules\\@esbuild\\win32-ia32'
75 silly reify ]
76 verbose reify failed optional dependency C:\Users\MZC\Desktop\airline-frontend\node_modules\@esbuild\win32-arm64
77 silly reify mark deleted [
77 silly reify   'C:\\Users\\MZC\\Desktop\\airline-frontend\\node_modules\\@esbuild\\win32-arm64'
77 silly reify ]
78 verbose reify failed optional dependency C:\Users\MZC\Desktop\airline-frontend\node_modules\@esbuild\sunos-x64
79 silly reify mark deleted [
79 silly reify   'C:\\Users\\MZC\\Desktop\\airline-frontend\\node_modules\\@esbuild\\sunos-x64'
79 silly reify ]
80 verbose reify failed optional dependency C:\Users\MZC\Desktop\airline-frontend\node_modules\@esbuild\openharmony-arm64
81 silly reify mark deleted [
81 silly reify   'C:\\Users\\MZC\\Desktop\\airline-frontend\\node_modules\\@esbuild\\openharmony-arm64'
81 silly reify ]
82 verbose reify failed optional dependency C:\Users\MZC\Desktop\airline-frontend\node_modules\@esbuild\openbsd-x64
83 silly reify mark deleted [
83 silly reify   'C:\\Users\\MZC\\Desktop\\airline-frontend\\node_modules\\@esbuild\\openbsd-x64'
83 silly reify ]
84 verbose reify failed optional dependency C:\Users\MZC\Desktop\airline-frontend\node_modules\@esbuild\openbsd-arm64
85 silly reify mark deleted [
85 silly reify   'C:\\Users\\MZC\\Desktop\\airline-frontend\\node_modules\\@esbuild\\openbsd-arm64'
85 silly reify ]
86 verbose reify failed optional dependency C:\Users\MZC\Desktop\airline-frontend\node_modules\@esbuild\netbsd-x64
87 silly reify mark deleted [
87 silly reify   'C:\\Users\\MZC\\Desktop\\airline-frontend\\node_modules\\@esbuild\\netbsd-x64'
87 silly reify ]
88 verbose reify failed optional dependency C:\Users\MZC\Desktop\airline-frontend\node_modules\@esbuild\netbsd-arm64
89 silly reify mark deleted [
89 silly reify   'C:\\Users\\MZC\\Desktop\\airline-frontend\\node_modules\\@esbuild\\netbsd-arm64'
89 silly reify ]
90 verbose reify failed optional dependency C:\Users\MZC\Desktop\airline-frontend\node_modules\@esbuild\linux-x64
91 silly reify mark deleted [
91 silly reify   'C:\\Users\\MZC\\Desktop\\airline-frontend\\node_modules\\@esbuild\\linux-x64'
91 silly reify ]
92 verbose reify failed optional dependency C:\Users\MZC\Desktop\airline-frontend\node_modules\@esbuild\linux-s390x
93 silly reify mark deleted [
93 silly reify   'C:\\Users\\MZC\\Desktop\\airline-frontend\\node_modules\\@esbuild\\linux-s390x'
93 silly reify ]
94 verbose reify failed optional dependency C:\Users\MZC\Desktop\airline-frontend\node_modules\@esbuild\linux-riscv64
95 silly reify mark deleted [
95 silly reify   'C:\\Users\\MZC\\Desktop\\airline-frontend\\node_modules\\@esbuild\\linux-riscv64'
95 silly reify ]
96 verbose reify failed optional dependency C:\Users\MZC\Desktop\airline-frontend\node_modules\@esbuild\linux-ppc64
97 silly reify mark deleted [
97 silly reify   'C:\\Users\\MZC\\Desktop\\airline-frontend\\node_modules\\@esbuild\\linux-ppc64'
97 silly reify ]
98 verbose reify failed optional dependency C:\Users\MZC\Desktop\airline-frontend\node_modules\@esbuild\linux-mips64el
99 silly reify mark deleted [
99 silly reify   'C:\\Users\\MZC\\Desktop\\airline-frontend\\node_modules\\@esbuild\\linux-mips64el'
99 silly reify ]
100 verbose reify failed optional dependency C:\Users\MZC\Desktop\airline-frontend\node_modules\@esbuild\linux-loong64
101 silly reify mark deleted [
101 silly reify   'C:\\Users\\MZC\\Desktop\\airline-frontend\\node_modules\\@esbuild\\linux-loong64'
101 silly reify ]
102 verbose reify failed optional dependency C:\Users\MZC\Desktop\airline-frontend\node_modules\@esbuild\linux-ia32
103 silly reify mark deleted [
103 silly reify   'C:\\Users\\MZC\\Desktop\\airline-frontend\\node_modules\\@esbuild\\linux-ia32'
103 silly reify ]
104 verbose reify failed optional dependency C:\Users\MZC\Desktop\airline-frontend\node_modules\@esbuild\linux-arm64
105 silly reify mark deleted [
105 silly reify   'C:\\Users\\MZC\\Desktop\\airline-frontend\\node_modules\\@esbuild\\linux-arm64'
105 silly reify ]
106 verbose reify failed optional dependency C:\Users\MZC\Desktop\airline-frontend\node_modules\@esbuild\linux-arm
107 silly reify mark deleted [
107 silly reify   'C:\\Users\\MZC\\Desktop\\airline-frontend\\node_modules\\@esbuild\\linux-arm'
107 silly reify ]
108 verbose reify failed optional dependency C:\Users\MZC\Desktop\airline-frontend\node_modules\@esbuild\freebsd-x64
109 silly reify mark deleted [
109 silly reify   'C:\\Users\\MZC\\Desktop\\airline-frontend\\node_modules\\@esbuild\\freebsd-x64'
109 silly reify ]
110 verbose reify failed optional dependency C:\Users\MZC\Desktop\airline-frontend\node_modules\@esbuild\freebsd-arm64
111 silly reify mark deleted [
111 silly reify   'C:\\Users\\MZC\\Desktop\\airline-frontend\\node_modules\\@esbuild\\freebsd-arm64'
111 silly reify ]
112 verbose reify failed optional dependency C:\Users\MZC\Desktop\airline-frontend\node_modules\@esbuild\darwin-arm64
113 silly reify mark deleted [
113 silly reify   'C:\\Users\\MZC\\Desktop\\airline-frontend\\node_modules\\@esbuild\\darwin-arm64'
113 silly reify ]
114 verbose reify failed optional dependency C:\Users\MZC\Desktop\airline-frontend\node_modules\@esbuild\android-x64
115 silly reify mark deleted [
115 silly reify   'C:\\Users\\MZC\\Desktop\\airline-frontend\\node_modules\\@esbuild\\android-x64'
115 silly reify ]
116 verbose reify failed optional dependency C:\Users\MZC\Desktop\airline-frontend\node_modules\@esbuild\android-arm64
117 silly reify mark deleted [
117 silly reify   'C:\\Users\\MZC\\Desktop\\airline-frontend\\node_modules\\@esbuild\\android-arm64'
117 silly reify ]
118 verbose reify failed optional dependency C:\Users\MZC\Desktop\airline-frontend\node_modules\@esbuild\android-arm
119 silly reify mark deleted [
119 silly reify   'C:\\Users\\MZC\\Desktop\\airline-frontend\\node_modules\\@esbuild\\android-arm'
119 silly reify ]
120 verbose reify failed optional dependency C:\Users\MZC\Desktop\airline-frontend\node_modules\@esbuild\aix-ppc64
121 silly reify mark deleted [
121 silly reify   'C:\\Users\\MZC\\Desktop\\airline-frontend\\node_modules\\@esbuild\\aix-ppc64'
121 silly reify ]
122 http cache @babel/parser@https://registry.npmjs.org/@babel/parser/-/parser-7.29.0.tgz 0ms (cache hit)
123 http cache @rollup/rollup-win32-x64-gnu@https://registry.npmjs.org/@rollup/rollup-win32-x64-gnu/-/rollup-win32-x64-gnu-4.59.0.tgz 0ms (cache hit)
124 http cache @rollup/rollup-win32-x64-msvc@https://registry.npmjs.org/@rollup/rollup-win32-x64-msvc/-/rollup-win32-x64-msvc-4.59.0.tgz 0ms (cache hit)
125 http cache update-browserslist-db@https://registry.npmjs.org/update-browserslist-db/-/update-browserslist-db-1.2.3.tgz 0ms (cache hit)
126 http cache vite@https://registry.npmjs.org/vite/-/vite-7.3.1.tgz 0ms (cache hit)
127 http cache @esbuild/win32-x64@https://registry.npmjs.org/@esbuild/win32-x64/-/win32-x64-0.27.3.tgz 0ms (cache hit)
128 http cache semver@https://registry.npmjs.org/semver/-/semver-6.3.1.tgz 0ms (cache hit)
129 http cache rollup@https://registry.npmjs.org/rollup/-/rollup-4.59.0.tgz 0ms (cache hit)
130 http cache nanoid@https://registry.npmjs.org/nanoid/-/nanoid-3.3.11.tgz 0ms (cache hit)
131 http cache jsesc@https://registry.npmjs.org/jsesc/-/jsesc-3.1.0.tgz 0ms (cache hit)
132 http cache browserslist@https://registry.npmjs.org/browserslist/-/browserslist-4.28.1.tgz 0ms (cache hit)
133 silly tarball no local data for @babel/parser@https://registry.npmjs.org/@babel/parser/-/parser-7.29.0.tgz. Extracting by manifest.
134 silly tarball no local data for @rollup/rollup-win32-x64-gnu@https://registry.npmjs.org/@rollup/rollup-win32-x64-gnu/-/rollup-win32-x64-gnu-4.59.0.tgz. Extracting by manifest.
135 http cache json5@https://registry.npmjs.org/json5/-/json5-2.2.3.tgz 0ms (cache hit)
136 silly tarball no local data for @rollup/rollup-win32-x64-msvc@https://registry.npmjs.org/@rollup/rollup-win32-x64-msvc/-/rollup-win32-x64-msvc-4.59.0.tgz. Extracting by manifest.
137 silly tarball no local data for update-browserslist-db@https://registry.npmjs.org/update-browserslist-db/-/update-browserslist-db-1.2.3.tgz. Extracting by manifest.
138 silly tarball no local data for vite@https://registry.npmjs.org/vite/-/vite-7.3.1.tgz. Extracting by manifest.
139 silly tarball no local data for @esbuild/win32-x64@https://registry.npmjs.org/@esbuild/win32-x64/-/win32-x64-0.27.3.tgz. Extracting by manifest.
140 silly tarball no local data for semver@https://registry.npmjs.org/semver/-/semver-6.3.1.tgz. Extracting by manifest.
141 silly tarball no local data for rollup@https://registry.npmjs.org/rollup/-/rollup-4.59.0.tgz. Extracting by manifest.
142 silly tarball no local data for nanoid@https://registry.npmjs.org/nanoid/-/nanoid-3.3.11.tgz. Extracting by manifest.
143 silly tarball no local data for jsesc@https://registry.npmjs.org/jsesc/-/jsesc-3.1.0.tgz. Extracting by manifest.
144 silly tarball no local data for browserslist@https://registry.npmjs.org/browserslist/-/browserslist-4.28.1.tgz. Extracting by manifest.
145 http cache baseline-browser-mapping@https://registry.npmjs.org/baseline-browser-mapping/-/baseline-browser-mapping-2.10.0.tgz 0ms (cache hit)
146 http cache esbuild@https://registry.npmjs.org/esbuild/-/esbuild-0.27.3.tgz 0ms (cache hit)
147 silly tarball no local data for json5@https://registry.npmjs.org/json5/-/json5-2.2.3.tgz. Extracting by manifest.
148 silly tarball no local data for baseline-browser-mapping@https://registry.npmjs.org/baseline-browser-mapping/-/baseline-browser-mapping-2.10.0.tgz. Extracting by manifest.
149 silly tarball no local data for esbuild@https://registry.npmjs.org/esbuild/-/esbuild-0.27.3.tgz. Extracting by manifest.
150 http fetch GET 200 https://registry.npmjs.org/npm 483ms
151 http fetch POST 200 https://registry.npmjs.org/-/npm/v1/security/advisories/bulk 489ms
152 silly audit report {}
153 http fetch GET 200 https://registry.npmjs.org/update-browserslist-db/-/update-browserslist-db-1.2.3.tgz 542ms (cache miss)
154 http fetch GET 200 https://registry.npmjs.org/esbuild/-/esbuild-0.27.3.tgz 548ms (cache miss)
155 http fetch GET 200 https://registry.npmjs.org/jsesc/-/jsesc-3.1.0.tgz 593ms (cache miss)
156 http fetch GET 200 https://registry.npmjs.org/semver/-/semver-6.3.1.tgz 641ms (cache miss)
157 http fetch GET 200 https://registry.npmjs.org/browserslist/-/browserslist-4.28.1.tgz 655ms (cache miss)
158 http fetch GET 200 https://registry.npmjs.org/baseline-browser-mapping/-/baseline-browser-mapping-2.10.0.tgz 838ms (cache miss)
159 http fetch GET 200 https://registry.npmjs.org/nanoid/-/nanoid-3.3.11.tgz 966ms (cache miss)
160 http fetch GET 200 https://registry.npmjs.org/json5/-/json5-2.2.3.tgz 998ms (cache miss)
161 http fetch GET 200 https://registry.npmjs.org/@rollup/rollup-win32-x64-gnu/-/rollup-win32-x64-gnu-4.59.0.tgz 1090ms (cache miss)
162 http fetch GET 200 https://registry.npmjs.org/@babel/parser/-/parser-7.29.0.tgz 1095ms (cache miss)
163 http fetch GET 200 https://registry.npmjs.org/@rollup/rollup-win32-x64-msvc/-/rollup-win32-x64-msvc-4.59.0.tgz 1107ms (cache miss)
164 http fetch GET 200 https://registry.npmjs.org/rollup/-/rollup-4.59.0.tgz 1158ms (cache miss)
165 http fetch GET 200 https://registry.npmjs.org/vite/-/vite-7.3.1.tgz 1181ms (cache miss)
166 http fetch GET 200 https://registry.npmjs.org/@esbuild/win32-x64/-/win32-x64-0.27.3.tgz 1234ms (cache miss)
167 info run esbuild@0.27.3 postinstall node_modules/esbuild node install.js
168 info run esbuild@0.27.3 postinstall { code: 'EPERM', signal: undefined }
169 warn cleanup Failed to remove some directories [
169 warn cleanup   [
169 warn cleanup     'C:\\Users\\MZC\\Desktop\\airline-frontend\\node_modules\\browserslist',
169 warn cleanup     [Error: EPERM: operation not permitted, rmdir 'C:\Users\MZC\Desktop\airline-frontend\node_modules\browserslist'] {
169 warn cleanup       errno: -4048,
169 warn cleanup       code: 'EPERM',
169 warn cleanup       syscall: 'rmdir',
169 warn cleanup       path: 'C:\\Users\\MZC\\Desktop\\airline-frontend\\node_modules\\browserslist'
169 warn cleanup     }
169 warn cleanup   ],
169 warn cleanup   [
169 warn cleanup     '\\\\?\\C:\\Users\\MZC\\Desktop\\airline-frontend\\node_modules\\rollup',
169 warn cleanup     [Error: EPERM: operation not permitted, rmdir 'C:\Users\MZC\Desktop\airline-frontend\node_modules\rollup\dist\es'] {
169 warn cleanup       errno: -4048,
169 warn cleanup       code: 'EPERM',
169 warn cleanup       syscall: 'rmdir',
169 warn cleanup       path: 'C:\\Users\\MZC\\Desktop\\airline-frontend\\node_modules\\rollup\\dist\\es'
169 warn cleanup     }
169 warn cleanup   ],
169 warn cleanup   [
169 warn cleanup     'C:\\Users\\MZC\\Desktop\\airline-frontend\\node_modules\\vite',
169 warn cleanup     [Error: EPERM: operation not permitted, rmdir 'C:\Users\MZC\Desktop\airline-frontend\node_modules\vite\dist'] {
169 warn cleanup       errno: -4048,
169 warn cleanup       code: 'EPERM',
169 warn cleanup       syscall: 'rmdir',
169 warn cleanup       path: 'C:\\Users\\MZC\\Desktop\\airline-frontend\\node_modules\\vite\\dist'
169 warn cleanup     }
169 warn cleanup   ]
169 warn cleanup ]
170 verbose stack Error: spawn EPERM
170 verbose stack     at ChildProcess.spawn (node:internal/child_process:420:11)
170 verbose stack     at spawn (node:child_process:787:9)
170 verbose stack     at promiseSpawn (C:\Program Files\nodejs\node_modules\npm\node_modules\@npmcli\promise-spawn\lib\index.js:39:16)
170 verbose stack     at spawnWithShell (C:\Program Files\nodejs\node_modules\npm\node_modules\@npmcli\promise-spawn\lib\index.js:124:10)
170 verbose stack     at promiseSpawn (C:\Program Files\nodejs\node_modules\npm\node_modules\@npmcli\promise-spawn\lib\index.js:12:12)
170 verbose stack     at runScriptPkg (C:\Program Files\nodejs\node_modules\npm\node_modules\@npmcli\run-script\lib\run-script-pkg.js:79:13)
170 verbose stack     at runScript (C:\Program Files\nodejs\node_modules\npm\node_modules\@npmcli\run-script\lib\run-script.js:9:12)
170 verbose stack     at C:\Program Files\nodejs\node_modules\npm\node_modules\@npmcli\arborist\lib\arborist\rebuild.js:329:17
170 verbose stack     at run (C:\Program Files\nodejs\node_modules\npm\node_modules\promise-call-limit\dist\commonjs\index.js:67:22)
170 verbose stack     at C:\Program Files\nodejs\node_modules\npm\node_modules\promise-call-limit\dist\commonjs\index.js:84:9
171 error code EPERM
172 error syscall spawn
173 error errno -4048
174 error Error: spawn EPERM
174 error     at ChildProcess.spawn (node:internal/child_process:420:11)
174 error     at spawn (node:child_process:787:9)
174 error     at promiseSpawn (C:\Program Files\nodejs\node_modules\npm\node_modules\@npmcli\promise-spawn\lib\index.js:39:16)
174 error     at spawnWithShell (C:\Program Files\nodejs\node_modules\npm\node_modules\@npmcli\promise-spawn\lib\index.js:124:10)
174 error     at promiseSpawn (C:\Program Files\nodejs\node_modules\npm\node_modules\@npmcli\promise-spawn\lib\index.js:12:12)
174 error     at runScriptPkg (C:\Program Files\nodejs\node_modules\npm\node_modules\@npmcli\run-script\lib\run-script-pkg.js:79:13)
174 error     at runScript (C:\Program Files\nodejs\node_modules\npm\node_modules\@npmcli\run-script\lib\run-script.js:9:12)
174 error     at C:\Program Files\nodejs\node_modules\npm\node_modules\@npmcli\arborist\lib\arborist\rebuild.js:329:17
174 error     at run (C:\Program Files\nodejs\node_modules\npm\node_modules\promise-call-limit\dist\commonjs\index.js:67:22)
174 error     at C:\Program Files\nodejs\node_modules\npm\node_modules\promise-call-limit\dist\commonjs\index.js:84:9 {
174 error   errno: -4048,
174 error   code: 'EPERM',
174 error   syscall: 'spawn'
174 error }
175 error
175 error The operation was rejected by your operating system.
175 error It's possible that the file was already in use (by a text editor or antivirus),
175 error or that you lack permissions to access it.
175 error
175 error If you believe this might be a permissions issue, please double-check the
175 error permissions of the file and its containing directories, or try running
175 error the command again as root/Administrator.
176 silly unfinished npm timer reify 1773888841643
177 silly unfinished npm timer reify:build 1773888843061
178 silly unfinished npm timer build 1773888843062
179 silly unfinished npm timer build:deps 1773888843062
180 silly unfinished npm timer build:run:postinstall 1773888843119
181 silly unfinished npm timer build:run:postinstall:node_modules/esbuild 1773888843119
182 verbose cwd C:\Users\MZC\Desktop\airline-frontend
183 verbose os Windows_NT 10.0.26200
184 verbose node v22.21.0
185 verbose npm  v10.9.4
186 notice
186 notice New major version of npm available! 10.9.4 -> 11.12.0
186 notice Changelog: https://github.com/npm/cli/releases/tag/v11.12.0
186 notice To update run: npm install -g npm@11.12.0
186 notice  { force: true, [Symbol(proc-log.meta)]: true }
187 verbose exit -4048
188 verbose code -4048
189 error A complete log of this run can be found in: C:\Users\MZC\Desktop\airline-frontend\.npm-cache\_logs\2026-03-19T02_54_00_994Z-debug-0.log
